2023-08-25 15:04:01,788 ERROR: Exception on /reset_password_request [POST] [in /home/max-eekhout/projects/microblog-python-flask/venv/lib/python3.9/site-packages/flask/app.py:1414]
Traceback (most recent call last):
  File "/home/max-eekhout/projects/microblog-python-flask/venv/lib/python3.9/site-packages/flask/app.py", line 2190, in wsgi_app
    response = self.full_dispatch_request()
  File "/home/max-eekhout/projects/microblog-python-flask/venv/lib/python3.9/site-packages/flask/app.py", line 1486, in full_dispatch_request
    rv = self.handle_user_exception(e)
  File "/home/max-eekhout/projects/microblog-python-flask/venv/lib/python3.9/site-packages/flask/app.py", line 1484, in full_dispatch_request
    rv = self.dispatch_request()
  File "/home/max-eekhout/projects/microblog-python-flask/venv/lib/python3.9/site-packages/flask/app.py", line 1469, in dispatch_request
    return self.ensure_sync(self.view_functions[rule.endpoint])(**view_args)
  File "/home/max-eekhout/projects/microblog-python-flask/app/routes.py", line 203, in reset_password_request
    send_password_reset_email(user)
  File "/home/max-eekhout/projects/microblog-python-flask/app/email.py", line 20, in send_password_reset_email
    text_body=render_template("email/reset_password.txt", user=user, token=token),
  File "/home/max-eekhout/projects/microblog-python-flask/venv/lib/python3.9/site-packages/flask/templating.py", line 150, in render_template
    template = app.jinja_env.get_or_select_template(template_name_or_list)
  File "/home/max-eekhout/projects/microblog-python-flask/venv/lib/python3.9/site-packages/jinja2/environment.py", line 1081, in get_or_select_template
    return self.get_template(template_name_or_list, parent, globals)
  File "/home/max-eekhout/projects/microblog-python-flask/venv/lib/python3.9/site-packages/jinja2/environment.py", line 1010, in get_template
    return self._load_template(name, globals)
  File "/home/max-eekhout/projects/microblog-python-flask/venv/lib/python3.9/site-packages/jinja2/environment.py", line 969, in _load_template
    template = self.loader.load(self, name, self.make_globals(globals))
  File "/home/max-eekhout/projects/microblog-python-flask/venv/lib/python3.9/site-packages/jinja2/loaders.py", line 126, in load
    source, filename, uptodate = self.get_source(environment, name)
  File "/home/max-eekhout/projects/microblog-python-flask/venv/lib/python3.9/site-packages/flask/templating.py", line 64, in get_source
    return self._get_source_fast(environment, template)
  File "/home/max-eekhout/projects/microblog-python-flask/venv/lib/python3.9/site-packages/flask/templating.py", line 98, in _get_source_fast
    raise TemplateNotFound(template)
jinja2.exceptions.TemplateNotFound: email/reset_password.txt
2023-08-25 16:53:57,804 INFO: Microblog startup [in /home/max-eekhout/projects/microblog-python-flask/app/__init__.py:46]
2023-08-25 16:57:22,715 INFO: Microblog startup [in /home/max-eekhout/projects/microblog-python-flask/app/__init__.py:46]
2023-08-25 16:58:41,811 INFO: Microblog startup [in /home/max-eekhout/projects/microblog-python-flask/app/__init__.py:46]
2023-08-27 13:54:11,949 INFO: Microblog startup [in /home/max-eekhout/projects/microblog-python-flask/app/__init__.py:46]
2023-08-27 14:13:11,999 INFO: Microblog startup [in /home/max-eekhout/projects/microblog-python-flask/app/__init__.py:48]
2023-08-27 22:51:37,837 INFO: Microblog startup [in /home/max-eekhout/projects/microblog-python-flask/app/__init__.py:59]
2023-08-27 22:52:05,663 INFO: Microblog startup [in /home/max-eekhout/projects/microblog-python-flask/app/__init__.py:59]
2023-08-27 23:10:55,003 INFO: Microblog startup [in /home/max-eekhout/projects/microblog-python-flask/app/__init__.py:59]
2023-08-27 23:14:39,465 INFO: Microblog startup [in /home/max-eekhout/projects/microblog-python-flask/app/__init__.py:59]
2023-08-27 23:18:00,715 INFO: Microblog startup [in /home/max-eekhout/projects/microblog-python-flask/app/__init__.py:59]
